{"level":"info","message":"✅ Database connection established","timestamp":"2026-02-28 00:23:55"}
{"level":"info","message":"🚀 Server running in development mode on port 8888","timestamp":"2026-02-28 00:23:55"}
{"level":"info","message":"🔗 Health check: http://localhost:8888/health","timestamp":"2026-02-28 00:23:55"}
{"errors":{"_errors":[],"body":{"_errors":["Required"]}},"level":"error","message":"POST /api/v1/orders - Validation failed","stack":"Error: Validation failed\n    at file:///Users/Niraj/Desktop/menx-next/backend/src/modules/order/order.controller.js:11:32\n    at file:///Users/Niraj/Desktop/menx-next/backend/src/utils/asyncHandler.js:3:25\n    at Layer.handle [as handle_request] (/Users/Niraj/Desktop/menx-next/node_modules/express/lib/router/layer.js:95:5)\n    at next (/Users/Niraj/Desktop/menx-next/node_modules/express/lib/router/route.js:149:13)\n    at Route.dispatch (/Users/Niraj/Desktop/menx-next/node_modules/express/lib/router/route.js:119:3)\n    at Layer.handle [as handle_request] (/Users/Niraj/Desktop/menx-next/node_modules/express/lib/router/layer.js:95:5)\n    at /Users/Niraj/Desktop/menx-next/node_modules/express/lib/router/index.js:284:15\n    at Function.process_params (/Users/Niraj/Desktop/menx-next/node_modules/express/lib/router/index.js:346:12)\n    at next (/Users/Niraj/Desktop/menx-next/node_modules/express/lib/router/index.js:280:10)\n    at file:///Users/Niraj/Desktop/menx-next/backend/src/middleware/auth.middleware.js:47:9","statusCode":400,"timestamp":"2026-02-28 00:28:46"}
{"errors":{"_errors":[],"body":{"_errors":["Required"]}},"level":"error","message":"POST /api/v1/orders - Validation failed","stack":"Error: Validation failed\n    at file:///Users/Niraj/Desktop/menx-next/backend/src/modules/order/order.controller.js:11:32\n    at file:///Users/Niraj/Desktop/menx-next/backend/src/utils/asyncHandler.js:3:25\n    at Layer.handle [as handle_request] (/Users/Niraj/Desktop/menx-next/node_modules/express/lib/router/layer.js:95:5)\n    at next (/Users/Niraj/Desktop/menx-next/node_modules/express/lib/router/route.js:149:13)\n    at Route.dispatch (/Users/Niraj/Desktop/menx-next/node_modules/express/lib/router/route.js:119:3)\n    at Layer.handle [as handle_request] (/Users/Niraj/Desktop/menx-next/node_modules/express/lib/router/layer.js:95:5)\n    at /Users/Niraj/Desktop/menx-next/node_modules/express/lib/router/index.js:284:15\n    at Function.process_params (/Users/Niraj/Desktop/menx-next/node_modules/express/lib/router/index.js:346:12)\n    at next (/Users/Niraj/Desktop/menx-next/node_modules/express/lib/router/index.js:280:10)\n    at file:///Users/Niraj/Desktop/menx-next/backend/src/middleware/auth.middleware.js:47:9","statusCode":400,"timestamp":"2026-02-28 00:28:52"}
{"level":"info","message":"✅ Database connection established","timestamp":"2026-02-28 00:29:07"}
{"level":"info","message":"🚀 Server running in development mode on port 8888","timestamp":"2026-02-28 00:29:07"}
{"level":"info","message":"🔗 Health check: http://localhost:8888/health","timestamp":"2026-02-28 00:29:07"}
{"level":"info","message":"✅ Database connection established","timestamp":"2026-02-28 00:29:15"}
{"level":"info","message":"🚀 Server running in development mode on port 8888","timestamp":"2026-02-28 00:29:15"}
{"level":"info","message":"🔗 Health check: http://localhost:8888/health","timestamp":"2026-02-28 00:29:15"}
{"level":"info","message":"✅ Database connection established","timestamp":"2026-02-28 00:30:54"}
{"level":"info","message":"🚀 Server running in development mode on port 8888","timestamp":"2026-02-28 00:30:54"}
{"level":"info","message":"🔗 Health check: http://localhost:8888/health","timestamp":"2026-02-28 00:30:54"}
{"level":"info","message":"✅ Database connection established","timestamp":"2026-02-28 00:31:11"}
{"level":"info","message":"🚀 Server running in development mode on port 8888","timestamp":"2026-02-28 00:31:11"}
{"level":"info","message":"🔗 Health check: http://localhost:8888/health","timestamp":"2026-02-28 00:31:11"}
{"errors":[],"level":"error","message":"POST /api/v1/orders - Not authorized to access this route","stack":"Error: Not authorized to access this route\n    at file:///Users/Niraj/Desktop/menx-next/backend/src/middleware/auth.middleware.js:18:15\n    at file:///Users/Niraj/Desktop/menx-next/backend/src/utils/asyncHandler.js:3:25\n    at Layer.handle [as handle_request] (/Users/Niraj/Desktop/menx-next/node_modules/express/lib/router/layer.js:95:5)\n    at trim_prefix (/Users/Niraj/Desktop/menx-next/node_modules/express/lib/router/index.js:328:13)\n    at /Users/Niraj/Desktop/menx-next/node_modules/express/lib/router/index.js:286:9\n    at Function.process_params (/Users/Niraj/Desktop/menx-next/node_modules/express/lib/router/index.js:346:12)\n    at next (/Users/Niraj/Desktop/menx-next/node_modules/express/lib/router/index.js:280:10)\n    at Function.handle (/Users/Niraj/Desktop/menx-next/node_modules/express/lib/router/index.js:175:3)\n    at router (/Users/Niraj/Desktop/menx-next/node_modules/express/lib/router/index.js:47:12)\n    at Layer.handle [as handle_request] (/Users/Niraj/Desktop/menx-next/node_modules/express/lib/router/layer.js:95:5)","statusCode":401,"timestamp":"2026-02-28 00:31:49"}
{"errors":{"_errors":[],"body":{"_errors":["Required"]}},"level":"error","message":"POST /api/v1/orders - Validation failed","stack":"Error: Validation failed\n    at file:///Users/Niraj/Desktop/menx-next/backend/src/modules/order/order.controller.js:11:32\n    at file:///Users/Niraj/Desktop/menx-next/backend/src/utils/asyncHandler.js:3:25\n    at Layer.handle [as handle_request] (/Users/Niraj/Desktop/menx-next/node_modules/express/lib/router/layer.js:95:5)\n    at next (/Users/Niraj/Desktop/menx-next/node_modules/express/lib/router/route.js:149:13)\n    at Route.dispatch (/Users/Niraj/Desktop/menx-next/node_modules/express/lib/router/route.js:119:3)\n    at Layer.handle [as handle_request] (/Users/Niraj/Desktop/menx-next/node_modules/express/lib/router/layer.js:95:5)\n    at /Users/Niraj/Desktop/menx-next/node_modules/express/lib/router/index.js:284:15\n    at Function.process_params (/Users/Niraj/Desktop/menx-next/node_modules/express/lib/router/index.js:346:12)\n    at next (/Users/Niraj/Desktop/menx-next/node_modules/express/lib/router/index.js:280:10)\n    at file:///Users/Niraj/Desktop/menx-next/backend/src/middleware/auth.middleware.js:47:9","statusCode":400,"timestamp":"2026-02-28 00:35:37"}
{"level":"info","message":"✅ Database connection established","timestamp":"2026-02-28 00:36:08"}
{"level":"info","message":"🚀 Server running in development mode on port 8888","timestamp":"2026-02-28 00:36:08"}
{"level":"info","message":"🔗 Health check: http://localhost:8888/health","timestamp":"2026-02-28 00:36:08"}
{"level":"info","message":"✅ Database connection established","timestamp":"2026-02-28 00:36:21"}
{"level":"info","message":"🚀 Server running in development mode on port 8888","timestamp":"2026-02-28 00:36:21"}
{"level":"info","message":"🔗 Health check: http://localhost:8888/health","timestamp":"2026-02-28 00:36:21"}
{"level":"info","message":"✅ Database connection established","timestamp":"2026-02-28 00:36:27"}
{"level":"info","message":"🚀 Server running in development mode on port 8888","timestamp":"2026-02-28 00:36:27"}
{"level":"info","message":"🔗 Health check: http://localhost:8888/health","timestamp":"2026-02-28 00:36:27"}
{"level":"info","message":"✅ Database connection established","timestamp":"2026-02-28 00:37:20"}
{"level":"info","message":"🚀 Server running in development mode on port 8888","timestamp":"2026-02-28 00:37:20"}
{"level":"info","message":"🔗 Health check: http://localhost:8888/health","timestamp":"2026-02-28 00:37:20"}
{"level":"info","message":"✅ Database connection established","timestamp":"2026-02-28 00:37:45"}
{"level":"info","message":"🚀 Server running in development mode on port 8888","timestamp":"2026-02-28 00:37:45"}
{"level":"info","message":"🔗 Health check: http://localhost:8888/health","timestamp":"2026-02-28 00:37:45"}
{"errors":[],"level":"error","message":"POST /api/v1/orders - Insufficient stock for pl[","stack":"Error: Insufficient stock for pl[\n    at file:///Users/Niraj/Desktop/menx-next/backend/src/modules/order/order.service.js:23:23\n    at async Proxy._transactionWithCallback (/Users/Niraj/Desktop/menx-next/backend/node_modules/@prisma/client/runtime/library.js:130:8000)\n    at async Module.createOrder (file:///Users/Niraj/Desktop/menx-next/backend/src/modules/order/order.service.js:9:12)\n    at async file:///Users/Niraj/Desktop/menx-next/backend/src/modules/order/order.controller.js:14:19","statusCode":400,"timestamp":"2026-02-28 00:39:56"}
{"errors":[],"level":"error","message":"POST /api/v1/orders - Insufficient stock for pl[","stack":"Error: Insufficient stock for pl[\n    at file:///Users/Niraj/Desktop/menx-next/backend/src/modules/order/order.service.js:23:23\n    at async Proxy._transactionWithCallback (/Users/Niraj/Desktop/menx-next/backend/node_modules/@prisma/client/runtime/library.js:130:8000)\n    at async Module.createOrder (file:///Users/Niraj/Desktop/menx-next/backend/src/modules/order/order.service.js:9:12)\n    at async file:///Users/Niraj/Desktop/menx-next/backend/src/modules/order/order.controller.js:14:19","statusCode":400,"timestamp":"2026-02-28 00:40:01"}
{"errors":[],"level":"error","message":"POST /api/v1/orders - Insufficient stock for pl[","stack":"Error: Insufficient stock for pl[\n    at file:///Users/Niraj/Desktop/menx-next/backend/src/modules/order/order.service.js:23:23\n    at async Proxy._transactionWithCallback (/Users/Niraj/Desktop/menx-next/backend/node_modules/@prisma/client/runtime/library.js:130:8000)\n    at async Module.createOrder (file:///Users/Niraj/Desktop/menx-next/backend/src/modules/order/order.service.js:9:12)\n    at async file:///Users/Niraj/Desktop/menx-next/backend/src/modules/order/order.controller.js:14:19","statusCode":400,"timestamp":"2026-02-28 00:40:01"}
{"errors":[],"level":"error","message":"POST /api/v1/orders - Insufficient stock for pl[","stack":"Error: Insufficient stock for pl[\n    at file:///Users/Niraj/Desktop/menx-next/backend/src/modules/order/order.service.js:23:23\n    at async Proxy._transactionWithCallback (/Users/Niraj/Desktop/menx-next/backend/node_modules/@prisma/client/runtime/library.js:130:8000)\n    at async Module.createOrder (file:///Users/Niraj/Desktop/menx-next/backend/src/modules/order/order.service.js:9:12)\n    at async file:///Users/Niraj/Desktop/menx-next/backend/src/modules/order/order.controller.js:14:19","statusCode":400,"timestamp":"2026-02-28 00:40:10"}
{"level":"info","message":"✅ Database connection established","timestamp":"2026-02-28 00:41:06"}
{"level":"info","message":"🚀 Server running in development mode on port 8888","timestamp":"2026-02-28 00:41:06"}
{"level":"info","message":"🔗 Health check: http://localhost:8888/health","timestamp":"2026-02-28 00:41:06"}
{"errors":[],"level":"error","message":"POST /api/v1/payments/create-order - Internal Server Error","stack":"Error: Internal Server Error\n    at errorHandler (file:///Users/Niraj/Desktop/menx-next/backend/src/middleware/error.middleware.js:12:17)\n    at Layer.handle_error (/Users/Niraj/Desktop/menx-next/node_modules/express/lib/router/layer.js:71:5)\n    at trim_prefix (/Users/Niraj/Desktop/menx-next/node_modules/express/lib/router/index.js:326:13)\n    at /Users/Niraj/Desktop/menx-next/node_modules/express/lib/router/index.js:286:9\n    at Function.process_params (/Users/Niraj/Desktop/menx-next/node_modules/express/lib/router/index.js:346:12)\n    at next (/Users/Niraj/Desktop/menx-next/node_modules/express/lib/router/index.js:280:10)\n    at Layer.handle_error (/Users/Niraj/Desktop/menx-next/node_modules/express/lib/router/layer.js:67:12)\n    at trim_prefix (/Users/Niraj/Desktop/menx-next/node_modules/express/lib/router/index.js:326:13)\n    at /Users/Niraj/Desktop/menx-next/node_modules/express/lib/router/index.js:286:9\n    at param (/Users/Niraj/Desktop/menx-next/node_modules/express/lib/router/index.js:365:14)","statusCode":400,"timestamp":"2026-02-28 00:42:19"}
{"errors":[],"level":"error","message":"POST /api/v1/payments/create-order - Internal Server Error","stack":"Error: Internal Server Error\n    at errorHandler (file:///Users/Niraj/Desktop/menx-next/backend/src/middleware/error.middleware.js:12:17)\n    at Layer.handle_error (/Users/Niraj/Desktop/menx-next/node_modules/express/lib/router/layer.js:71:5)\n    at trim_prefix (/Users/Niraj/Desktop/menx-next/node_modules/express/lib/router/index.js:326:13)\n    at /Users/Niraj/Desktop/menx-next/node_modules/express/lib/router/index.js:286:9\n    at Function.process_params (/Users/Niraj/Desktop/menx-next/node_modules/express/lib/router/index.js:346:12)\n    at next (/Users/Niraj/Desktop/menx-next/node_modules/express/lib/router/index.js:280:10)\n    at Layer.handle_error (/Users/Niraj/Desktop/menx-next/node_modules/express/lib/router/layer.js:67:12)\n    at trim_prefix (/Users/Niraj/Desktop/menx-next/node_modules/express/lib/router/index.js:326:13)\n    at /Users/Niraj/Desktop/menx-next/node_modules/express/lib/router/index.js:286:9\n    at param (/Users/Niraj/Desktop/menx-next/node_modules/express/lib/router/index.js:365:14)","statusCode":400,"timestamp":"2026-02-28 00:42:24"}
{"level":"info","message":"✅ Database connection established","timestamp":"2026-02-28 00:43:13"}
{"level":"info","message":"🚀 Server running in development mode on port 8888","timestamp":"2026-02-28 00:43:13"}
{"level":"info","message":"🔗 Health check: http://localhost:8888/health","timestamp":"2026-02-28 00:43:13"}
{"errors":[],"level":"error","message":"POST /api/v1/payments/create-order - Internal Server Error","stack":"Error: Internal Server Error\n    at errorHandler (file:///Users/Niraj/Desktop/menx-next/backend/src/middleware/error.middleware.js:12:17)\n    at Layer.handle_error (/Users/Niraj/Desktop/menx-next/node_modules/express/lib/router/layer.js:71:5)\n    at trim_prefix (/Users/Niraj/Desktop/menx-next/node_modules/express/lib/router/index.js:326:13)\n    at /Users/Niraj/Desktop/menx-next/node_modules/express/lib/router/index.js:286:9\n    at Function.process_params (/Users/Niraj/Desktop/menx-next/node_modules/express/lib/router/index.js:346:12)\n    at next (/Users/Niraj/Desktop/menx-next/node_modules/express/lib/router/index.js:280:10)\n    at Layer.handle_error (/Users/Niraj/Desktop/menx-next/node_modules/express/lib/router/layer.js:67:12)\n    at trim_prefix (/Users/Niraj/Desktop/menx-next/node_modules/express/lib/router/index.js:326:13)\n    at /Users/Niraj/Desktop/menx-next/node_modules/express/lib/router/index.js:286:9\n    at param (/Users/Niraj/Desktop/menx-next/node_modules/express/lib/router/index.js:365:14)","statusCode":400,"timestamp":"2026-02-28 00:45:22"}
{"errors":[],"level":"error","message":"POST /api/v1/payments/create-order - Internal Server Error","stack":"Error: Internal Server Error\n    at errorHandler (file:///Users/Niraj/Desktop/menx-next/backend/src/middleware/error.middleware.js:12:17)\n    at Layer.handle_error (/Users/Niraj/Desktop/menx-next/node_modules/express/lib/router/layer.js:71:5)\n    at trim_prefix (/Users/Niraj/Desktop/menx-next/node_modules/express/lib/router/index.js:326:13)\n    at /Users/Niraj/Desktop/menx-next/node_modules/express/lib/router/index.js:286:9\n    at Function.process_params (/Users/Niraj/Desktop/menx-next/node_modules/express/lib/router/index.js:346:12)\n    at next (/Users/Niraj/Desktop/menx-next/node_modules/express/lib/router/index.js:280:10)\n    at Layer.handle_error (/Users/Niraj/Desktop/menx-next/node_modules/express/lib/router/layer.js:67:12)\n    at trim_prefix (/Users/Niraj/Desktop/menx-next/node_modules/express/lib/router/index.js:326:13)\n    at /Users/Niraj/Desktop/menx-next/node_modules/express/lib/router/index.js:286:9\n    at param (/Users/Niraj/Desktop/menx-next/node_modules/express/lib/router/index.js:365:14)","statusCode":400,"timestamp":"2026-02-28 00:45:36"}
{"level":"info","message":"✅ Database connection established","timestamp":"2026-02-28 00:46:02"}
{"level":"info","message":"🚀 Server running in development mode on port 8888","timestamp":"2026-02-28 00:46:02"}
{"level":"info","message":"🔗 Health check: http://localhost:8888/health","timestamp":"2026-02-28 00:46:02"}
{"level":"info","message":"✅ Database connection established","timestamp":"2026-02-28 00:46:10"}
{"level":"info","message":"🚀 Server running in development mode on port 8888","timestamp":"2026-02-28 00:46:10"}
{"level":"info","message":"🔗 Health check: http://localhost:8888/health","timestamp":"2026-02-28 00:46:10"}
{"errors":[],"level":"error","message":"POST /api/v1/payments/create-order - Not authorized to access this route","stack":"Error: Not authorized to access this route\n    at file:///Users/Niraj/Desktop/menx-next/backend/src/middleware/auth.middleware.js:18:15\n    at file:///Users/Niraj/Desktop/menx-next/backend/src/utils/asyncHandler.js:3:25\n    at Layer.handle [as handle_request] (/Users/Niraj/Desktop/menx-next/node_modules/express/lib/router/layer.js:95:5)\n    at next (/Users/Niraj/Desktop/menx-next/node_modules/express/lib/router/route.js:149:13)\n    at Route.dispatch (/Users/Niraj/Desktop/menx-next/node_modules/express/lib/router/route.js:119:3)\n    at Layer.handle [as handle_request] (/Users/Niraj/Desktop/menx-next/node_modules/express/lib/router/layer.js:95:5)\n    at /Users/Niraj/Desktop/menx-next/node_modules/express/lib/router/index.js:284:15\n    at Function.process_params (/Users/Niraj/Desktop/menx-next/node_modules/express/lib/router/index.js:346:12)\n    at next (/Users/Niraj/Desktop/menx-next/node_modules/express/lib/router/index.js:280:10)\n    at Function.handle (/Users/Niraj/Desktop/menx-next/node_modules/express/lib/router/index.js:175:3)","statusCode":401,"timestamp":"2026-02-28 00:46:49"}
{"level":"info","message":"✅ Database connection established","timestamp":"2026-02-28 00:51:49"}
{"level":"info","message":"🚀 Server running in development mode on port 8888","timestamp":"2026-02-28 00:51:49"}
{"level":"info","message":"🔗 Health check: http://localhost:8888/health","timestamp":"2026-02-28 00:51:49"}
{"errors":[],"level":"error","message":"POST /api/v1/admin/users/900b9ab1-6e49-4a71-bd02-bc920c8f6cf2/measurements - \nInvalid `prisma.measurement.upsert()` invocation:\n\n{\n  where: {\n    userId: \"900b9ab1-6e49-4a71-bd02-bc920c8f6cf2\"\n  },\n  update: {\n    chest: \"2\",\n    waist: \"2\",\n    neck: \"0\",\n    shoulder: \"455\",\n    sleeve: \"5\",\n    inseam: \"4\",\n    notificationSentAt: null\n  },\n  create: {\n    chest: \"2\",\n           ~~~\n    waist: \"2\",\n    neck: \"0\",\n    shoulder: \"455\",\n    sleeve: \"5\",\n    inseam: \"4\",\n    userId: \"900b9ab1-6e49-4a71-bd02-bc920c8f6cf2\",\n    notificationSentAt: null\n  }\n}\n\nArgument `chest`: Invalid value provided. Expected Float or Null, provided String.","stack":"PrismaClientValidationError: \nInvalid `prisma.measurement.upsert()` invocation:\n\n{\n  where: {\n    userId: \"900b9ab1-6e49-4a71-bd02-bc920c8f6cf2\"\n  },\n  update: {\n    chest: \"2\",\n    waist: \"2\",\n    neck: \"0\",\n    shoulder: \"455\",\n    sleeve: \"5\",\n    inseam: \"4\",\n    notificationSentAt: null\n  },\n  create: {\n    chest: \"2\",\n           ~~~\n    waist: \"2\",\n    neck: \"0\",\n    shoulder: \"455\",\n    sleeve: \"5\",\n    inseam: \"4\",\n    userId: \"900b9ab1-6e49-4a71-bd02-bc920c8f6cf2\",\n    notificationSentAt: null\n  }\n}\n\nArgument `chest`: Invalid value provided. Expected Float or Null, provided String.\n    at wn (/Users/Niraj/Desktop/menx-next/backend/node_modules/@prisma/client/runtime/library.js:29:1363)\n    at $n.handleRequestError (/Users/Niraj/Desktop/menx-next/backend/node_modules/@prisma/client/runtime/library.js:121:6958)\n    at $n.handleAndLogRequestError (/Users/Niraj/Desktop/menx-next/backend/node_modules/@prisma/client/runtime/library.js:121:6623)\n    at $n.request (/Users/Niraj/Desktop/menx-next/backend/node_modules/@prisma/client/runtime/library.js:121:6307)\n    at async l (/Users/Niraj/Desktop/menx-next/backend/node_modules/@prisma/client/runtime/library.js:130:9633)\n    at async file:///Users/Niraj/Desktop/menx-next/backend/src/config/db.js:13:24\n    at async file:///Users/Niraj/Desktop/menx-next/backend/src/modules/admin/admin.controller.js:50:23","statusCode":500,"timestamp":"2026-02-28 00:51:53"}
{"level":"info","message":"✅ Database connection established","timestamp":"2026-02-28 00:51:55"}
{"level":"info","message":"🚀 Server running in development mode on port 8888","timestamp":"2026-02-28 00:51:55"}
{"level":"info","message":"🔗 Health check: http://localhost:8888/health","timestamp":"2026-02-28 00:51:55"}
{"level":"info","message":"✅ Database connection established","timestamp":"2026-02-28 00:52:10"}
{"level":"info","message":"🚀 Server running in development mode on port 8888","timestamp":"2026-02-28 00:52:10"}
{"level":"info","message":"🔗 Health check: http://localhost:8888/health","timestamp":"2026-02-28 00:52:10"}
{"level":"info","message":"✅ Database connection established","timestamp":"2026-02-28 00:52:37"}
{"level":"info","message":"🚀 Server running in development mode on port 8888","timestamp":"2026-02-28 00:52:37"}
{"level":"info","message":"🔗 Health check: http://localhost:8888/health","timestamp":"2026-02-28 00:52:37"}
{"level":"info","message":"✅ Database connection established","timestamp":"2026-02-28 00:52:43"}
{"level":"info","message":"🚀 Server running in development mode on port 8888","timestamp":"2026-02-28 00:52:43"}
{"level":"info","message":"🔗 Health check: http://localhost:8888/health","timestamp":"2026-02-28 00:52:43"}
{"level":"info","message":"✅ Database connection established","timestamp":"2026-02-28 00:52:49"}
{"level":"info","message":"🚀 Server running in development mode on port 8888","timestamp":"2026-02-28 00:52:49"}
{"level":"info","message":"🔗 Health check: http://localhost:8888/health","timestamp":"2026-02-28 00:52:49"}
{"errors":[],"level":"error","message":"POST /api/v1/auth/verify-otp - Invalid or expired OTP","stack":"Error: Invalid or expired OTP\n    at file:///Users/Niraj/Desktop/menx-next/backend/src/modules/auth/auth.controller.js:133:15","statusCode":401,"timestamp":"2026-02-28 00:58:27"}
{"errors":[],"level":"error","message":"POST /api/v1/auth/verify-otp - Invalid or expired OTP","stack":"Error: Invalid or expired OTP\n    at file:///Users/Niraj/Desktop/menx-next/backend/src/modules/auth/auth.controller.js:133:15","statusCode":401,"timestamp":"2026-02-28 00:59:04"}
{"errors":[],"level":"error","message":"POST /api/v1/auth/verify-otp - Invalid or expired OTP","stack":"Error: Invalid or expired OTP\n    at file:///Users/Niraj/Desktop/menx-next/backend/src/modules/auth/auth.controller.js:133:15","statusCode":401,"timestamp":"2026-02-28 00:59:05"}
{"errors":[],"level":"error","message":"POST /api/v1/auth/verify-otp - Invalid or expired OTP","stack":"Error: Invalid or expired OTP\n    at file:///Users/Niraj/Desktop/menx-next/backend/src/modules/auth/auth.controller.js:133:15","statusCode":401,"timestamp":"2026-02-28 00:59:05"}
{"errors":[],"level":"error","message":"POST /api/v1/auth/verify-otp - Invalid or expired OTP","stack":"Error: Invalid or expired OTP\n    at file:///Users/Niraj/Desktop/menx-next/backend/src/modules/auth/auth.controller.js:133:15","statusCode":401,"timestamp":"2026-02-28 00:59:06"}
{"errors":[],"level":"error","message":"POST /api/v1/auth/verify-otp - Invalid or expired OTP","stack":"Error: Invalid or expired OTP\n    at file:///Users/Niraj/Desktop/menx-next/backend/src/modules/auth/auth.controller.js:133:15","statusCode":401,"timestamp":"2026-02-28 00:59:06"}
{"errors":[],"level":"error","message":"GET /api/v1/auth/me - Not authorized to access this route","stack":"Error: Not authorized to access this route\n    at file:///Users/Niraj/Desktop/menx-next/backend/src/middleware/auth.middleware.js:18:15\n    at file:///Users/Niraj/Desktop/menx-next/backend/src/utils/asyncHandler.js:3:25\n    at Layer.handle [as handle_request] (/Users/Niraj/Desktop/menx-next/node_modules/express/lib/router/layer.js:95:5)\n    at next (/Users/Niraj/Desktop/menx-next/node_modules/express/lib/router/route.js:149:13)\n    at Route.dispatch (/Users/Niraj/Desktop/menx-next/node_modules/express/lib/router/route.js:119:3)\n    at Layer.handle [as handle_request] (/Users/Niraj/Desktop/menx-next/node_modules/express/lib/router/layer.js:95:5)\n    at /Users/Niraj/Desktop/menx-next/node_modules/express/lib/router/index.js:284:15\n    at Function.process_params (/Users/Niraj/Desktop/menx-next/node_modules/express/lib/router/index.js:346:12)\n    at next (/Users/Niraj/Desktop/menx-next/node_modules/express/lib/router/index.js:280:10)\n    at Function.handle (/Users/Niraj/Desktop/menx-next/node_modules/express/lib/router/index.js:175:3)","statusCode":401,"timestamp":"2026-02-28 01:01:25"}
{"errors":[],"level":"error","message":"POST /api/v1/auth/refresh - No refresh token","stack":"Error: No refresh token\n    at file:///Users/Niraj/Desktop/menx-next/backend/src/modules/auth/auth.controller.js:263:15\n    at file:///Users/Niraj/Desktop/menx-next/backend/src/utils/asyncHandler.js:3:25\n    at Layer.handle [as handle_request] (/Users/Niraj/Desktop/menx-next/node_modules/express/lib/router/layer.js:95:5)\n    at next (/Users/Niraj/Desktop/menx-next/node_modules/express/lib/router/route.js:149:13)\n    at Route.dispatch (/Users/Niraj/Desktop/menx-next/node_modules/express/lib/router/route.js:119:3)\n    at Layer.handle [as handle_request] (/Users/Niraj/Desktop/menx-next/node_modules/express/lib/router/layer.js:95:5)\n    at /Users/Niraj/Desktop/menx-next/node_modules/express/lib/router/index.js:284:15\n    at Function.process_params (/Users/Niraj/Desktop/menx-next/node_modules/express/lib/router/index.js:346:12)\n    at next (/Users/Niraj/Desktop/menx-next/node_modules/express/lib/router/index.js:280:10)\n    at Function.handle (/Users/Niraj/Desktop/menx-next/node_modules/express/lib/router/index.js:175:3)","statusCode":401,"timestamp":"2026-02-28 01:01:25"}
{"errors":[],"level":"error","message":"POST /api/v1/auth/verify-otp - Invalid or expired OTP","stack":"Error: Invalid or expired OTP\n    at file:///Users/Niraj/Desktop/menx-next/backend/src/modules/auth/auth.controller.js:133:15","statusCode":401,"timestamp":"2026-02-28 01:01:53"}
{"level":"info","message":"✅ Database connection established","timestamp":"2026-02-28 01:06:28"}
{"level":"info","message":"🚀 Server running in development mode on port 8888","timestamp":"2026-02-28 01:06:29"}
{"level":"info","message":"🔗 Health check: http://localhost:8888/health","timestamp":"2026-02-28 01:06:29"}
{"level":"info","message":"✅ Database connection established","timestamp":"2026-02-28 01:07:50"}
{"level":"info","message":"🚀 Server running in development mode on port 8888","timestamp":"2026-02-28 01:07:50"}
{"level":"info","message":"🔗 Health check: http://localhost:8888/health","timestamp":"2026-02-28 01:07:50"}
{"level":"info","message":"✅ Database connection established","timestamp":"2026-02-28 01:08:29"}
{"level":"info","message":"🚀 Server running in development mode on port 8888","timestamp":"2026-02-28 01:08:29"}
{"level":"info","message":"🔗 Health check: http://localhost:8888/health","timestamp":"2026-02-28 01:08:29"}
{"level":"info","message":"✅ Database connection established","timestamp":"2026-02-28 01:16:32"}
{"level":"info","message":"🚀 Server running in development mode on port 8888","timestamp":"2026-02-28 01:16:33"}
{"level":"info","message":"🔗 Health check: http://localhost:8888/health","timestamp":"2026-02-28 01:16:33"}
{"level":"info","message":"✅ Database connection established","timestamp":"2026-02-28 01:22:58"}
{"level":"info","message":"🚀 Server running in development mode on port 8888","timestamp":"2026-02-28 01:22:58"}
{"level":"info","message":"🔗 Health check: http://localhost:8888/health","timestamp":"2026-02-28 01:22:58"}
{"level":"info","message":"✅ Database connection established","timestamp":"2026-02-28 01:22:59"}
{"level":"info","message":"🚀 Server running in development mode on port 8888","timestamp":"2026-02-28 01:22:59"}
{"level":"info","message":"🔗 Health check: http://localhost:8888/health","timestamp":"2026-02-28 01:22:59"}
{"level":"info","message":"✅ Database connection established","timestamp":"2026-02-28 01:23:05"}
{"level":"info","message":"🚀 Server running in development mode on port 8888","timestamp":"2026-02-28 01:23:05"}
{"level":"info","message":"🔗 Health check: http://localhost:8888/health","timestamp":"2026-02-28 01:23:05"}
{"level":"info","message":"✅ Database connection established","timestamp":"2026-02-28 01:23:11"}
{"level":"info","message":"🚀 Server running in development mode on port 8888","timestamp":"2026-02-28 01:23:12"}
{"level":"info","message":"🔗 Health check: http://localhost:8888/health","timestamp":"2026-02-28 01:23:12"}
{"errors":[],"level":"error","message":"GET /api/v1/auth/me - Not authorized to access this route","stack":"Error: Not authorized to access this route\n    at file:///Users/Niraj/Desktop/menx-next/backend/src/middleware/auth.middleware.js:18:15\n    at file:///Users/Niraj/Desktop/menx-next/backend/src/utils/asyncHandler.js:3:25\n    at Layer.handle [as handle_request] (/Users/Niraj/Desktop/menx-next/node_modules/express/lib/router/layer.js:95:5)\n    at next (/Users/Niraj/Desktop/menx-next/node_modules/express/lib/router/route.js:149:13)\n    at Route.dispatch (/Users/Niraj/Desktop/menx-next/node_modules/express/lib/router/route.js:119:3)\n    at Layer.handle [as handle_request] (/Users/Niraj/Desktop/menx-next/node_modules/express/lib/router/layer.js:95:5)\n    at /Users/Niraj/Desktop/menx-next/node_modules/express/lib/router/index.js:284:15\n    at Function.process_params (/Users/Niraj/Desktop/menx-next/node_modules/express/lib/router/index.js:346:12)\n    at next (/Users/Niraj/Desktop/menx-next/node_modules/express/lib/router/index.js:280:10)\n    at Function.handle (/Users/Niraj/Desktop/menx-next/node_modules/express/lib/router/index.js:175:3)","statusCode":401,"timestamp":"2026-02-28 01:33:48"}
{"errors":[],"level":"error","message":"POST /api/v1/auth/verify-otp - Invalid or expired OTP","stack":"Error: Invalid or expired OTP\n    at file:///Users/Niraj/Desktop/menx-next/backend/src/modules/auth/auth.controller.js:134:15","statusCode":401,"timestamp":"2026-02-28 01:35:37"}
{"errors":{"_errors":[],"items":{"_errors":["Array must contain at least 1 element(s)"]}},"level":"error","message":"POST /api/v1/orders - Validation failed","stack":"Error: Validation failed\n    at file:///Users/Niraj/Desktop/menx-next/backend/src/modules/order/order.controller.js:11:32\n    at file:///Users/Niraj/Desktop/menx-next/backend/src/utils/asyncHandler.js:3:25\n    at Layer.handle [as handle_request] (/Users/Niraj/Desktop/menx-next/node_modules/express/lib/router/layer.js:95:5)\n    at next (/Users/Niraj/Desktop/menx-next/node_modules/express/lib/router/route.js:149:13)\n    at Route.dispatch (/Users/Niraj/Desktop/menx-next/node_modules/express/lib/router/route.js:119:3)\n    at Layer.handle [as handle_request] (/Users/Niraj/Desktop/menx-next/node_modules/express/lib/router/layer.js:95:5)\n    at /Users/Niraj/Desktop/menx-next/node_modules/express/lib/router/index.js:284:15\n    at Function.process_params (/Users/Niraj/Desktop/menx-next/node_modules/express/lib/router/index.js:346:12)\n    at next (/Users/Niraj/Desktop/menx-next/node_modules/express/lib/router/index.js:280:10)\n    at file:///Users/Niraj/Desktop/menx-next/backend/src/middleware/auth.middleware.js:47:9","statusCode":400,"timestamp":"2026-02-28 01:36:58"}
{"level":"info","message":"✅ Database connection established","timestamp":"2026-02-28 01:43:02"}
{"level":"info","message":"🚀 Server running in development mode on port 8888","timestamp":"2026-02-28 01:43:02"}
{"level":"info","message":"🔗 Health check: http://localhost:8888/health","timestamp":"2026-02-28 01:43:02"}
{"level":"info","message":"✅ Database connection established","timestamp":"2026-02-28 01:43:13"}
{"level":"info","message":"🚀 Server running in development mode on port 8888","timestamp":"2026-02-28 01:43:13"}
{"level":"info","message":"🔗 Health check: http://localhost:8888/health","timestamp":"2026-02-28 01:43:13"}
{"level":"info","message":"✅ Database connection established","timestamp":"2026-02-28 01:43:28"}
{"level":"info","message":"🚀 Server running in development mode on port 8888","timestamp":"2026-02-28 01:43:28"}
{"level":"info","message":"🔗 Health check: http://localhost:8888/health","timestamp":"2026-02-28 01:43:28"}
{"level":"info","message":"✅ Database connection established","timestamp":"2026-02-28 01:44:23"}
{"level":"info","message":"🚀 Server running in development mode on port 8888","timestamp":"2026-02-28 01:44:23"}
{"level":"info","message":"🔗 Health check: http://localhost:8888/health","timestamp":"2026-02-28 01:44:23"}
{"level":"info","message":"✅ Database connection established","timestamp":"2026-02-28 01:48:35"}
{"level":"info","message":"🚀 Server running in development mode on port 8888","timestamp":"2026-02-28 01:48:35"}
{"level":"info","message":"🔗 Health check: http://localhost:8888/health","timestamp":"2026-02-28 01:48:35"}
{"level":"info","message":"✅ Database connection established","timestamp":"2026-02-28 01:48:50"}
{"level":"info","message":"🚀 Server running in development mode on port 8888","timestamp":"2026-02-28 01:48:50"}
{"level":"info","message":"🔗 Health check: http://localhost:8888/health","timestamp":"2026-02-28 01:48:50"}
{"level":"info","message":"✅ Database connection established","timestamp":"2026-02-28 01:49:12"}
{"level":"info","message":"🚀 Server running in development mode on port 8888","timestamp":"2026-02-28 01:49:12"}
{"level":"info","message":"🔗 Health check: http://localhost:8888/health","timestamp":"2026-02-28 01:49:12"}
{"level":"info","message":"✅ Database connection established","timestamp":"2026-02-28 01:49:25"}
{"level":"info","message":"🚀 Server running in development mode on port 8888","timestamp":"2026-02-28 01:49:25"}
{"level":"info","message":"🔗 Health check: http://localhost:8888/health","timestamp":"2026-02-28 01:49:25"}
